<?xml version="1.0" encoding="UTF-8"?>
<!-- Generated by org.testng.reporters.JUnitXMLReporter -->
<testsuite ignored="0" hostname="ArunMotoori" failures="0" tests="9" name="Surefire test" time="31.435" errors="0" timestamp="2022-06-24T16:24:18 IST">
  <testcase classname="tests.LoginTest" name="loginWithValidCredentials" time="1.418"/>
  <testcase classname="tests.LoginTest" name="loginWithValidUsernameAndInvalidPassword" time="1.06"/>
  <testcase classname="tests.LoginTest" name="loginWithInvalidUsernameAndValidPassword" time="1.109"/>
  <testcase classname="tests.RegisterTest" name="registerWithMandatoryFields" time="1.749"/>
  <testcase classname="tests.RegisterTest" name="registerWithAllFields" time="1.706"/>
  <testcase classname="tests.RegisterTest" name="registerWithAlreadyRegisteredEmailAddress" time="1.6"/>
  <testcase classname="tests.SearchTest" name="searchWithValidProduct" time="0.472"/>
  <testcase classname="tests.SearchTest" name="searchWithInValidProduct" time="0.425"/>
  <testcase classname="tests.SearchTest" name="searchWithoutAnyProduct" time="0.445"/>
</testsuite> <!-- Surefire test -->
