<?xml version="1.0" encoding="UTF-8"?>
<!-- Generated by org.testng.reporters.JUnitXMLReporter -->
<testsuite ignored="0" hostname="ArunMotoori" failures="0" tests="9" name="Test" time="44.475" errors="0" timestamp="2022-06-24T16:08:57 IST">
  <testcase classname="tests.Register" name="registerWithMandatoryFields" time="1.691"/>
  <testcase classname="tests.Register" name="registerWithAllFields" time="1.756"/>
  <testcase classname="tests.Register" name="registerWithAlreadyRegisteredEmailAddress" time="1.566"/>
  <testcase classname="tests.Login" name="loginWithValidCredentials" time="1.067"/>
  <testcase classname="tests.Login" name="loginWithValidUsernameAndInvalidPassword" time="0.986"/>
  <testcase classname="tests.Login" name="loginWithInvalidUsernameAndValidPassword" time="1.045"/>
  <testcase classname="tests.Search" name="searchWithValidProduct" time="0.433"/>
  <testcase classname="tests.Search" name="searchWithInValidProduct" time="0.388"/>
  <testcase classname="tests.Search" name="searchWithoutAnyProduct" time="0.373"/>
</testsuite> <!-- Test -->
