<?xml version="1.0" encoding="UTF-8"?>
<testng-results ignored="0" total="3" passed="3" failed="0" skipped="0">
  <reporter-output>
  </reporter-output>
  <suite started-at="2022-06-27T16:16:34 IST" name="SuiteOne" finished-at="2022-06-27T16:17:10 IST" duration-ms="36570">
    <groups>
      <group name="cucumber">
        <method signature="AbstractTestNGCucumberTests.runScenario(io.cucumber.testng.PickleWrapper,io.cucumber.testng.FeatureWrapper)[pri:0, instance:runner.MyRunner@4b0b0854]" name="runScenario" class="io.cucumber.testng.AbstractTestNGCucumberTests"/>
      </group> <!-- cucumber -->
    </groups>
    <test started-at="2022-06-27T16:16:34 IST" name="RegisterTest" finished-at="2022-06-27T16:17:10 IST" duration-ms="36570">
      <class name="runner.MyRunner">
        <test-method is-config="true" signature="setUpClass(org.testng.ITestContext)[pri:0, instance:runner.MyRunner@4b0b0854]" started-at="2022-06-27T16:16:34 IST" name="setUpClass" finished-at="2022-06-27T16:16:34 IST" duration-ms="583" status="PASS">
          <params>
            <param index="0">
              <value>
                <![CDATA[org.testng.TestRunner@6bee793f]]>
              </value>
            </param>
          </params>
          <reporter-output>
          </reporter-output>
        </test-method> <!-- setUpClass -->
        <test-method signature="runScenario(io.cucumber.testng.PickleWrapper,io.cucumber.testng.FeatureWrapper)[pri:0, instance:runner.MyRunner@4b0b0854]" started-at="2022-06-27T16:16:34 IST" name="runScenario" description="Runs Cucumber Scenarios" data-provider="scenarios" finished-at="2022-06-27T16:16:41 IST" duration-ms="6293" status="PASS">
          <params>
            <param index="0">
              <value>
                <![CDATA["Login with valid credentials"]]>
              </value>
            </param>
            <param index="1">
              <value>
                <![CDATA["Application Login"]]>
              </value>
            </param>
          </params>
          <reporter-output>
          </reporter-output>
        </test-method> <!-- runScenario -->
        <test-method signature="runScenario(io.cucumber.testng.PickleWrapper,io.cucumber.testng.FeatureWrapper)[pri:0, instance:runner.MyRunner@4b0b0854]" started-at="2022-06-27T16:16:41 IST" name="runScenario" description="Runs Cucumber Scenarios" data-provider="scenarios" finished-at="2022-06-27T16:17:04 IST" duration-ms="23152" status="PASS">
          <params>
            <param index="0">
              <value>
                <![CDATA["Login with valid username and invalid password"]]>
              </value>
            </param>
            <param index="1">
              <value>
                <![CDATA["Application Login"]]>
              </value>
            </param>
          </params>
          <reporter-output>
          </reporter-output>
        </test-method> <!-- runScenario -->
        <test-method signature="runScenario(io.cucumber.testng.PickleWrapper,io.cucumber.testng.FeatureWrapper)[pri:0, instance:runner.MyRunner@4b0b0854]" started-at="2022-06-27T16:17:04 IST" name="runScenario" description="Runs Cucumber Scenarios" data-provider="scenarios" finished-at="2022-06-27T16:17:10 IST" duration-ms="6466" status="PASS">
          <params>
            <param index="0">
              <value>
                <![CDATA["Login with invalid username and valid password"]]>
              </value>
            </param>
            <param index="1">
              <value>
                <![CDATA["Application Login"]]>
              </value>
            </param>
          </params>
          <reporter-output>
          </reporter-output>
        </test-method> <!-- runScenario -->
        <test-method is-config="true" signature="tearDownClass()[pri:0, instance:runner.MyRunner@4b0b0854]" started-at="2022-06-27T16:17:10 IST" name="tearDownClass" finished-at="2022-06-27T16:17:10 IST" duration-ms="15" status="PASS">
          <reporter-output>
          </reporter-output>
        </test-method> <!-- tearDownClass -->
      </class> <!-- runner.MyRunner -->
    </test> <!-- RegisterTest -->
  </suite> <!-- SuiteOne -->
</testng-results>
