<?xml version="1.0" encoding="UTF-8"?>
<testng-results ignored="0" total="1" passed="1" failed="0" skipped="0">
  <reporter-output>
  </reporter-output>
  <suite started-at="2022-06-30T13:06:55 IST" name="Default suite" finished-at="2022-06-30T13:07:02 IST" duration-ms="7308">
    <groups>
      <group name="cucumber">
        <method signature="AbstractTestNGCucumberTests.runScenario(io.cucumber.testng.PickleWrapper,io.cucumber.testng.FeatureWrapper)[pri:0, instance:runner.MyRunner@1bd4fdd]" name="runScenario" class="io.cucumber.testng.AbstractTestNGCucumberTests"/>
      </group> <!-- cucumber -->
    </groups>
    <test started-at="2022-06-30T13:06:55 IST" name="Default test" finished-at="2022-06-30T13:07:02 IST" duration-ms="7308">
      <class name="runner.MyRunner">
        <test-method is-config="true" signature="setUpClass(org.testng.ITestContext)[pri:0, instance:runner.MyRunner@1bd4fdd]" started-at="2022-06-30T13:06:55 IST" name="setUpClass" finished-at="2022-06-30T13:06:56 IST" duration-ms="1071" status="PASS">
          <params>
            <param index="0">
              <value>
                <![CDATA[org.testng.TestRunner@75cf0de5]]>
              </value>
            </param>
          </params>
          <reporter-output>
          </reporter-output>
        </test-method> <!-- setUpClass -->
        <test-method signature="runScenario(io.cucumber.testng.PickleWrapper,io.cucumber.testng.FeatureWrapper)[pri:0, instance:runner.MyRunner@1bd4fdd]" started-at="2022-06-30T13:06:56 IST" name="runScenario" description="Runs Cucumber Scenarios" data-provider="scenarios" finished-at="2022-06-30T13:07:02 IST" duration-ms="6125" status="PASS">
          <params>
            <param index="0">
              <value>
                <![CDATA["User is able to register by providing only mandatory fields"]]>
              </value>
            </param>
            <param index="1">
              <value>
                <![CDATA["User should be able to register"]]>
              </value>
            </param>
          </params>
          <reporter-output>
          </reporter-output>
        </test-method> <!-- runScenario -->
        <test-method is-config="true" signature="tearDownClass()[pri:0, instance:runner.MyRunner@1bd4fdd]" started-at="2022-06-30T13:07:02 IST" name="tearDownClass" finished-at="2022-06-30T13:07:02 IST" duration-ms="52" status="PASS">
          <reporter-output>
          </reporter-output>
        </test-method> <!-- tearDownClass -->
      </class> <!-- runner.MyRunner -->
    </test> <!-- Default test -->
  </suite> <!-- Default suite -->
</testng-results>
