<?xml version="1.0" encoding="UTF-8"?>
<!-- Generated by org.testng.reporters.JUnitXMLReporter -->
<testsuite ignored="0" hostname="ArunMotoori" failures="0" tests="3" name="SearchTest" time="16.639" errors="0" timestamp="2022-06-27T12:15:06 IST">
  <testcase classname="tests.SearchTest" name="searchWithValidProduct" time="0.477"/>
  <testcase classname="tests.SearchTest" name="searchWithInValidProduct" time="0.478"/>
  <testcase classname="tests.SearchTest" name="searchWithoutAnyProduct" time="0.417"/>
</testsuite> <!-- SearchTest -->
